<?xml version="1.0" encoding="UTF-8"?>
<!-- Generated by org.testng.reporters.JUnitXMLReporter -->
<testsuite hostname="Pravin" ignored="0" name="Test" tests="3" failures="0" timestamp="16 Sep 2020 18:53:32 GMT" time="45.263" errors="0">
  <testcase name="basePageNavigation" time="3.287" classname="Validatecoursetitle"/>
  <testcase name="basePageNavigation" time="1.688" classname="ValidateNavBar"/>
  <testcase name="basePageNavigation" time="3.052" classname="HomePage"/>
</testsuite> <!-- Test -->
