<?xml version="1.0" encoding="UTF-8"?>
<testng-results skipped="0" failed="1" ignored="0" total="4" passed="3">
  <reporter-output>
  </reporter-output>
  <suite name="Suite" duration-ms="44569" started-at="2020-09-21T18:53:58Z" finished-at="2020-09-21T18:54:42Z">
    <groups>
    </groups>
    <test name="Validate NavigationBar" duration-ms="23364" started-at="2020-09-21T18:53:58Z" finished-at="2020-09-21T18:54:21Z">
      <class name="Maven.UE2EFramework.ValidateNavBar">
        <test-method status="PASS" signature="initialize()[pri:0, instance:Maven.UE2EFramework.ValidateNavBar@353352b6]" name="initialize" is-config="true" duration-ms="20442" started-at="2020-09-21T18:53:58Z" finished-at="2020-09-21T18:54:18Z">
          <reporter-output>
          </reporter-output>
        </test-method> <!-- initialize -->
        <test-method status="PASS" signature="validateNavigation(java.lang.String, java.lang.String)[pri:0, instance:Maven.UE2EFramework.ValidateNavBar@353352b6]" name="validateNavigation" duration-ms="2704" started-at="2020-09-21T18:54:18Z" data-provider="getData" finished-at="2020-09-21T18:54:21Z">
          <params>
            <param index="0">
              <value>
                <![CDATA[Test4]]>
              </value>
            </param>
            <param index="1">
              <value>
                <![CDATA[86455]]>
              </value>
            </param>
          </params>
          <reporter-output>
          </reporter-output>
        </test-method> <!-- validateNavigation -->
        <test-method status="PASS" signature="terminate()[pri:0, instance:Maven.UE2EFramework.ValidateNavBar@353352b6]" name="terminate" is-config="true" duration-ms="204" started-at="2020-09-21T18:54:21Z" finished-at="2020-09-21T18:54:21Z">
          <reporter-output>
          </reporter-output>
        </test-method> <!-- terminate -->
      </class> <!-- Maven.UE2EFramework.ValidateNavBar -->
    </test> <!-- Validate NavigationBar -->
    <test name="Validate CourseTitle" duration-ms="24235" started-at="2020-09-21T18:53:58Z" finished-at="2020-09-21T18:54:22Z">
      <class name="Maven.UE2EFramework.Validatecoursetitle">
        <test-method status="PASS" signature="initialize()[pri:0, instance:Maven.UE2EFramework.Validatecoursetitle@5386659f]" name="initialize" is-config="true" duration-ms="22061" started-at="2020-09-21T18:53:58Z" finished-at="2020-09-21T18:54:20Z">
          <reporter-output>
          </reporter-output>
        </test-method> <!-- initialize -->
        <test-method status="FAIL" signature="validateTitle(java.lang.String, java.lang.String, java.lang.String)[pri:0, instance:Maven.UE2EFramework.Validatecoursetitle@5386659f]" name="validateTitle" duration-ms="1294" started-at="2020-09-21T18:54:20Z" data-provider="getdata" finished-at="2020-09-21T18:54:21Z">
          <params>
            <param index="0">
              <value>
                <![CDATA[QATEST]]>
              </value>
            </param>
            <param index="1">
              <value>
                <![CDATA[12345]]>
              </value>
            </param>
            <param index="2">
              <value>
                <![CDATA[FEATURED COURSES]]>
              </value>
            </param>
          </params>
          <exception class="org.openqa.selenium.ElementClickInterceptedException">
            <message>
              <![CDATA[element click intercepted: Element <a href="https://rahulshettyacademy.com/sign_in/">...</a> is not clickable at point (758, 16). Other element would receive the click: <div class="listbuilder-popup-content">...</div>
  (Session info: headless chrome=85.0.4183.102)
Build info: version: '3.141.59', revision: 'e82be7d358', time: '2018-11-14T08:17:03'
System info: host: 'PRAVIN', ip: '192.168.0.7', os.name: 'Windows 10', os.arch: 'amd64', os.version: '10.0', java.version: '1.8.0_121'
Driver info: org.openqa.selenium.chrome.ChromeDriver
Capabilities {acceptInsecureCerts: false, browserName: chrome, browserVersion: 85.0.4183.102, chrome: {chromedriverVersion: 84.0.4147.30 (48b3e868b4cc0..., userDataDir: C:\Users\lenovo\AppData\Loc...}, goog:chromeOptions: {debuggerAddress: localhost:50965}, javascriptEnabled: true, networkConnectionEnabled: false, pageLoadStrategy: normal, platform: WINDOWS, platformName: WINDOWS, proxy: Proxy(), setWindowRect: true, strictFileInteractability: false, timeouts: {implicit: 0, pageLoad: 300000, script: 30000}, unhandledPromptBehavior: dismiss and notify, webauthn:virtualAuthenticators: true}
Session ID: 22ad5efb2f7fc12e5d0c1068c90c6e8d]]>
            </message>
            <full-stacktrace>
              <![CDATA[org.openqa.selenium.ElementClickInterceptedException: element click intercepted: Element <a href="https://rahulshettyacademy.com/sign_in/">...</a> is not clickable at point (758, 16). Other element would receive the click: <div class="listbuilder-popup-content">...</div>
  (Session info: headless chrome=85.0.4183.102)
Build info: version: '3.141.59', revision: 'e82be7d358', time: '2018-11-14T08:17:03'
System info: host: 'PRAVIN', ip: '192.168.0.7', os.name: 'Windows 10', os.arch: 'amd64', os.version: '10.0', java.version: '1.8.0_121'
Driver info: org.openqa.selenium.chrome.ChromeDriver
Capabilities {acceptInsecureCerts: false, browserName: chrome, browserVersion: 85.0.4183.102, chrome: {chromedriverVersion: 84.0.4147.30 (48b3e868b4cc0..., userDataDir: C:\Users\lenovo\AppData\Loc...}, goog:chromeOptions: {debuggerAddress: localhost:50965}, javascriptEnabled: true, networkConnectionEnabled: false, pageLoadStrategy: normal, platform: WINDOWS, platformName: WINDOWS, proxy: Proxy(), setWindowRect: true, strictFileInteractability: false, timeouts: {implicit: 0, pageLoad: 300000, script: 30000}, unhandledPromptBehavior: dismiss and notify, webauthn:virtualAuthenticators: true}
Session ID: 22ad5efb2f7fc12e5d0c1068c90c6e8d
at sun.reflect.NativeConstructorAccessorImpl.newInstance0(Native Method)
at sun.reflect.NativeConstructorAccessorImpl.newInstance(NativeConstructorAccessorImpl.java:62)
at sun.reflect.DelegatingConstructorAccessorImpl.newInstance(DelegatingConstructorAccessorImpl.java:45)
at java.lang.reflect.Constructor.newInstance(Constructor.java:423)
at org.openqa.selenium.remote.http.W3CHttpResponseCodec.createException(W3CHttpResponseCodec.java:187)
at org.openqa.selenium.remote.http.W3CHttpResponseCodec.decode(W3CHttpResponseCodec.java:122)
at org.openqa.selenium.remote.http.W3CHttpResponseCodec.decode(W3CHttpResponseCodec.java:49)
at org.openqa.selenium.remote.HttpCommandExecutor.execute(HttpCommandExecutor.java:158)
at org.openqa.selenium.remote.service.DriverCommandExecutor.execute(DriverCommandExecutor.java:83)
at org.openqa.selenium.remote.RemoteWebDriver.execute(RemoteWebDriver.java:552)
at org.openqa.selenium.remote.RemoteWebElement.execute(RemoteWebElement.java:285)
at org.openqa.selenium.remote.RemoteWebElement.click(RemoteWebElement.java:84)
at pageObject.Landingpage.getLogin(Landingpage.java:32)
at Maven.UE2EFramework.Validatecoursetitle.validateTitle(Validatecoursetitle.java:40)
at sun.reflect.NativeMethodAccessorImpl.invoke0(Native Method)
at sun.reflect.NativeMethodAccessorImpl.invoke(NativeMethodAccessorImpl.java:62)
at sun.reflect.DelegatingMethodAccessorImpl.invoke(DelegatingMethodAccessorImpl.java:43)
at java.lang.reflect.Method.invoke(Method.java:498)
at org.testng.internal.MethodInvocationHelper.invokeMethod(MethodInvocationHelper.java:124)
at org.testng.internal.Invoker.invokeMethod(Invoker.java:583)
at org.testng.internal.Invoker.invokeTestMethod(Invoker.java:719)
at org.testng.internal.Invoker.invokeTestMethods(Invoker.java:989)
at org.testng.internal.TestMethodWorker.invokeTestMethods(TestMethodWorker.java:125)
at org.testng.internal.TestMethodWorker.run(TestMethodWorker.java:109)
at org.testng.TestRunner.privateRun(TestRunner.java:648)
at org.testng.TestRunner.run(TestRunner.java:505)
at org.testng.SuiteRunner.runTest(SuiteRunner.java:455)
at org.testng.SuiteRunner.access$000(SuiteRunner.java:40)
at org.testng.SuiteRunner$SuiteWorker.run(SuiteRunner.java:489)
at org.testng.internal.thread.ThreadUtil$1.call(ThreadUtil.java:52)
at java.util.concurrent.FutureTask.run(FutureTask.java:266)
at java.util.concurrent.ThreadPoolExecutor.runWorker(ThreadPoolExecutor.java:1142)
at java.util.concurrent.ThreadPoolExecutor$Worker.run(ThreadPoolExecutor.java:617)
at java.lang.Thread.run(Thread.java:745)
]]>
            </full-stacktrace>
          </exception> <!-- org.openqa.selenium.ElementClickInterceptedException -->
          <reporter-output>
          </reporter-output>
        </test-method> <!-- validateTitle -->
        <test-method status="PASS" signature="terminate()[pri:0, instance:Maven.UE2EFramework.Validatecoursetitle@5386659f]" name="terminate" is-config="true" duration-ms="76" started-at="2020-09-21T18:54:22Z" finished-at="2020-09-21T18:54:22Z">
          <reporter-output>
          </reporter-output>
        </test-method> <!-- terminate -->
      </class> <!-- Maven.UE2EFramework.Validatecoursetitle -->
    </test> <!-- Validate CourseTitle -->
    <test name="Validate HomePage" duration-ms="44569" started-at="2020-09-21T18:53:58Z" finished-at="2020-09-21T18:54:42Z">
      <class name="Maven.UE2EFramework.HomePage">
        <test-method status="PASS" signature="basePageNavigation(java.lang.String, java.lang.String, java.lang.String)[pri:0, instance:Maven.UE2EFramework.HomePage@4c60d6e9]" name="basePageNavigation" duration-ms="25412" started-at="2020-09-21T18:53:58Z" data-provider="getdata" finished-at="2020-09-21T18:54:23Z">
          <params>
            <param index="0">
              <value>
                <![CDATA[Test]]>
              </value>
            </param>
            <param index="1">
              <value>
                <![CDATA[12345]]>
              </value>
            </param>
            <param index="2">
              <value>
                <![CDATA[FEATURED COURSES]]>
              </value>
            </param>
          </params>
          <reporter-output>
          </reporter-output>
        </test-method> <!-- basePageNavigation -->
        <test-method status="PASS" signature="basePageNavigation(java.lang.String, java.lang.String, java.lang.String)[pri:0, instance:Maven.UE2EFramework.HomePage@4c60d6e9]" name="basePageNavigation" duration-ms="19115" started-at="2020-09-21T18:54:23Z" data-provider="getdata" finished-at="2020-09-21T18:54:42Z">
          <params>
            <param index="0">
              <value>
                <![CDATA[QA1]]>
              </value>
            </param>
            <param index="1">
              <value>
                <![CDATA[12345]]>
              </value>
            </param>
            <param index="2">
              <value>
                <![CDATA[FEATURED COURSES]]>
              </value>
            </param>
          </params>
          <reporter-output>
          </reporter-output>
        </test-method> <!-- basePageNavigation -->
        <test-method status="PASS" signature="terminate()[pri:0, instance:Maven.UE2EFramework.HomePage@4c60d6e9]" name="terminate" is-config="true" duration-ms="8" started-at="2020-09-21T18:54:42Z" finished-at="2020-09-21T18:54:42Z">
          <reporter-output>
          </reporter-output>
        </test-method> <!-- terminate -->
      </class> <!-- Maven.UE2EFramework.HomePage -->
    </test> <!-- Validate HomePage -->
  </suite> <!-- Suite -->
</testng-results>
